0 info it worked if it ends with ok
1 verbose cli [ '/usr/local/bin/node', '/usr/local/bin/npm', 'run', 'build' ]
2 info using npm@3.10.10
3 info using node@v6.10.3
4 verbose run-script [ 'prebuild', 'build', 'postbuild' ]
5 info lifecycle angular-moment-picker@0.10.1~prebuild: angular-moment-picker@0.10.1
6 silly lifecycle angular-moment-picker@0.10.1~prebuild: no script for prebuild, continuing
7 info lifecycle angular-moment-picker@0.10.1~build: angular-moment-picker@0.10.1
8 verbose lifecycle angular-moment-picker@0.10.1~build: unsafe-perm in lifecycle true
9 verbose lifecycle angular-moment-picker@0.10.1~build: PATH: /usr/local/lib/node_modules/npm/bin/node-gyp-bin:/home/michael/Projetos/angular-moment-picker/node_modules/.bin:/home/michael/.yarn/bin:/home/michael/.rbenv/shims:/home/michael/.rbenv/bin:/usr/local/sbin:/usr/local/bin:/usr/sbin:/usr/bin:/sbin:/bin:/usr/games:/usr/local/games:/home/michael/Programas/WebStorm-162.1447.27/bin:/home/michael/Programas/bin
10 verbose lifecycle angular-moment-picker@0.10.1~build: CWD: /home/michael/Projetos/angular-moment-picker
11 silly lifecycle angular-moment-picker@0.10.1~build: Args: [ '-c', 'webpack' ]
12 silly lifecycle angular-moment-picker@0.10.1~build: Returned: code: 2  signal: null
13 info lifecycle angular-moment-picker@0.10.1~build: Failed to exec build script
14 verbose stack Error: angular-moment-picker@0.10.1 build: `webpack`
14 verbose stack Exit status 2
14 verbose stack     at EventEmitter.<anonymous> (/usr/local/lib/node_modules/npm/lib/utils/lifecycle.js:255:16)
14 verbose stack     at emitTwo (events.js:106:13)
14 verbose stack     at EventEmitter.emit (events.js:191:7)
14 verbose stack     at ChildProcess.<anonymous> (/usr/local/lib/node_modules/npm/lib/utils/spawn.js:40:14)
14 verbose stack     at emitTwo (events.js:106:13)
14 verbose stack     at ChildProcess.emit (events.js:191:7)
14 verbose stack     at maybeClose (internal/child_process.js:886:16)
14 verbose stack     at Process.ChildProcess._handle.onexit (internal/child_process.js:226:5)
15 verbose pkgid angular-moment-picker@0.10.1
16 verbose cwd /home/michael/Projetos/angular-moment-picker
17 error Linux 4.4.0-98-generic
18 error argv "/usr/local/bin/node" "/usr/local/bin/npm" "run" "build"
19 error node v6.10.3
20 error npm  v3.10.10
21 error code ELIFECYCLE
22 error angular-moment-picker@0.10.1 build: `webpack`
22 error Exit status 2
23 error Failed at the angular-moment-picker@0.10.1 build script 'webpack'.
23 error Make sure you have the latest version of node.js and npm installed.
23 error If you do, this is most likely a problem with the angular-moment-picker package,
23 error not with npm itself.
23 error Tell the author that this fails on your system:
23 error     webpack
23 error You can get information on how to open an issue for this project with:
23 error     npm bugs angular-moment-picker
23 error Or if that isn't available, you can get their info via:
23 error     npm owner ls angular-moment-picker
23 error There is likely additional logging output above.
24 verbose exit [ 1, true ]
